-- The C compiler identification is GNU 13.3.0
-- The CXX compiler identification is GNU 13.3.0
-- Detecting C compiler ABI info
-- Detecting C compiler ABI info - done
-- Check for working C compiler: /usr/bin/cc - skipped
-- Detecting C compile features
-- Detecting C compile features - done
-- Detecting CXX compiler ABI info
-- Detecting CXX compiler ABI info - done
-- Check for working CXX compiler: /usr/bin/c++ - skipped
-- Detecting CXX compile features
-- Detecting CXX compile features - done
-- Found ament_cmake: 2.5.5 (/opt/ros/jazzy/share/ament_cmake/cmake)
-- Found Python3: /usr/bin/python3 (found version "3.12.3") found components: Interpreter 
-- Found rclcpp: 28.1.16 (/opt/ros/jazzy/share/rclcpp/cmake)
-- Found rosidl_generator_c: 4.6.7 (/opt/ros/jazzy/share/rosidl_generator_c/cmake)
-- Found rosidl_generator_cpp: 4.6.7 (/opt/ros/jazzy/share/rosidl_generator_cpp/cmake)
-- Using all available rosidl_typesupport_c: rosidl_typesupport_fastrtps_c;rosidl_typesupport_introspection_c
-- Using all available rosidl_typesupport_cpp: rosidl_typesupport_fastrtps_cpp;rosidl_typesupport_introspection_cpp
-- Found rmw_implementation_cmake: 7.3.3 (/opt/ros/jazzy/share/rmw_implementation_cmake/cmake)
-- Found rmw_fastrtps_cpp: 8.4.3 (/opt/ros/jazzy/share/rmw_fastrtps_cpp/cmake)
-- Found OpenSSL: /usr/lib/x86_64-linux-gnu/libcrypto.so (found version "3.0.13")  
-- Found FastRTPS: /opt/ros/jazzy/include (Required is at least version "2.13") 
-- Using RMW implementation 'rmw_fastrtps_cpp' as default
-- Found nav2_costmap_2d: 1.3.10 (/opt/ros/jazzy/share/nav2_costmap_2d/cmake)
-- Found eigen3_cmake_module: 0.3.0 (/opt/ros/jazzy/share/eigen3_cmake_module/cmake)
-- Found Eigen3: TRUE (found version "3.4.0") 
-- Ensuring Eigen3 include directory is part of orocos-kdl CMake target
-- Found ament_lint_auto: 0.17.4 (/opt/ros/jazzy/share/ament_lint_auto/cmake)
-- Added test 'cppcheck' to perform static code analysis on C / C++ code
-- Configured cppcheck include dirs: $<BUILD_INTERFACE:/home/nupur/Documents/projects/git/exploring_Nav2/src/nav2_custom_costmap_plugin/include>
-- Configured cppcheck exclude dirs and/or files: 
-- Added test 'lint_cmake' to check CMake code style
-- Added test 'uncrustify' to check C / C++ code style
-- Configured uncrustify additional arguments: 
-- Added test 'xmllint' to check XML markup files
-- Configuring done (1.4s)
-- Generating done (0.0s)
-- Build files have been written to: /home/nupur/Documents/projects/git/exploring_Nav2/src/nav2_custom_costmap_plugin/build/nav2_custom_costmap_plugin
[ 50%] [32mBuilding CXX object CMakeFiles/nav2_custom_costmap_plugin.dir/src/custom_inflation_layer.cpp.o[0m
[100%] [32m[1mLinking CXX shared library libnav2_custom_costmap_plugin.so[0m
[100%] Built target nav2_custom_costmap_plugin
-- Install configuration: ""
-- Installing: /home/nupur/Documents/projects/git/exploring_Nav2/src/nav2_custom_costmap_plugin/install/nav2_custom_costmap_plugin/share/nav2_custom_costmap_plugin/costmap_plugins.xml
-- Installing: /home/nupur/Documents/projects/git/exploring_Nav2/src/nav2_custom_costmap_plugin/install/nav2_custom_costmap_plugin/lib/libnav2_custom_costmap_plugin.so
-- Set non-toolchain portion of runtime path of "/home/nupur/Documents/projects/git/exploring_Nav2/src/nav2_custom_costmap_plugin/install/nav2_custom_costmap_plugin/lib/libnav2_custom_costmap_plugin.so" to ""
-- Installing: /home/nupur/Documents/projects/git/exploring_Nav2/src/nav2_custom_costmap_plugin/install/nav2_custom_costmap_plugin/include/
-- Installing: /home/nupur/Documents/projects/git/exploring_Nav2/src/nav2_custom_costmap_plugin/install/nav2_custom_costmap_plugin/include//nav2_custom_costmap_plugin
-- Installing: /home/nupur/Documents/projects/git/exploring_Nav2/src/nav2_custom_costmap_plugin/install/nav2_custom_costmap_plugin/include//nav2_custom_costmap_plugin/custom_inflation_layer.hpp
-- Up-to-date: /home/nupur/Documents/projects/git/exploring_Nav2/src/nav2_custom_costmap_plugin/install/nav2_custom_costmap_plugin/share/nav2_custom_costmap_plugin/costmap_plugins.xml
-- Installing: /home/nupur/Documents/projects/git/exploring_Nav2/src/nav2_custom_costmap_plugin/install/nav2_custom_costmap_plugin/share/ament_index/resource_index/package_run_dependencies/nav2_custom_costmap_plugin
-- Installing: /home/nupur/Documents/projects/git/exploring_Nav2/src/nav2_custom_costmap_plugin/install/nav2_custom_costmap_plugin/share/ament_index/resource_index/parent_prefix_path/nav2_custom_costmap_plugin
-- Installing: /home/nupur/Documents/projects/git/exploring_Nav2/src/nav2_custom_costmap_plugin/install/nav2_custom_costmap_plugin/share/nav2_custom_costmap_plugin/environment/ament_prefix_path.sh
-- Installing: /home/nupur/Documents/projects/git/exploring_Nav2/src/nav2_custom_costmap_plugin/install/nav2_custom_costmap_plugin/share/nav2_custom_costmap_plugin/environment/ament_prefix_path.dsv
-- Installing: /home/nupur/Documents/projects/git/exploring_Nav2/src/nav2_custom_costmap_plugin/install/nav2_custom_costmap_plugin/share/nav2_custom_costmap_plugin/environment/path.sh
-- Installing: /home/nupur/Documents/projects/git/exploring_Nav2/src/nav2_custom_costmap_plugin/install/nav2_custom_costmap_plugin/share/nav2_custom_costmap_plugin/environment/path.dsv
-- Installing: /home/nupur/Documents/projects/git/exploring_Nav2/src/nav2_custom_costmap_plugin/install/nav2_custom_costmap_plugin/share/nav2_custom_costmap_plugin/local_setup.bash
-- Installing: /home/nupur/Documents/projects/git/exploring_Nav2/src/nav2_custom_costmap_plugin/install/nav2_custom_costmap_plugin/share/nav2_custom_costmap_plugin/local_setup.sh
-- Installing: /home/nupur/Documents/projects/git/exploring_Nav2/src/nav2_custom_costmap_plugin/install/nav2_custom_costmap_plugin/share/nav2_custom_costmap_plugin/local_setup.zsh
-- Installing: /home/nupur/Documents/projects/git/exploring_Nav2/src/nav2_custom_costmap_plugin/install/nav2_custom_costmap_plugin/share/nav2_custom_costmap_plugin/local_setup.dsv
-- Installing: /home/nupur/Documents/projects/git/exploring_Nav2/src/nav2_custom_costmap_plugin/install/nav2_custom_costmap_plugin/share/nav2_custom_costmap_plugin/package.dsv
-- Installing: /home/nupur/Documents/projects/git/exploring_Nav2/src/nav2_custom_costmap_plugin/install/nav2_custom_costmap_plugin/share/ament_index/resource_index/packages/nav2_custom_costmap_plugin
-- Installing: /home/nupur/Documents/projects/git/exploring_Nav2/src/nav2_custom_costmap_plugin/install/nav2_custom_costmap_plugin/share/ament_index/resource_index/nav2_costmap_2d__pluginlib__plugin/nav2_custom_costmap_plugin
-- Installing: /home/nupur/Documents/projects/git/exploring_Nav2/src/nav2_custom_costmap_plugin/install/nav2_custom_costmap_plugin/share/nav2_custom_costmap_plugin/cmake/nav2_custom_costmap_pluginConfig.cmake
-- Installing: /home/nupur/Documents/projects/git/exploring_Nav2/src/nav2_custom_costmap_plugin/install/nav2_custom_costmap_plugin/share/nav2_custom_costmap_plugin/cmake/nav2_custom_costmap_pluginConfig-version.cmake
-- Installing: /home/nupur/Documents/projects/git/exploring_Nav2/src/nav2_custom_costmap_plugin/install/nav2_custom_costmap_plugin/share/nav2_custom_costmap_plugin/package.xml
